Copyright 1986-2020 Xilinx, Inc. All Rights Reserved.
-------------------------------------------------------------------------------------------------------------------------------------------------------------------
| Tool Version     : Vivado v.2020.1 (win64) Build 2902540 Wed May 27 19:54:49 MDT 2020
| Date             : Wed Dec  9 13:46:41 2020
| Host             : Nich running 64-bit major release  (build 9200)
| Command          : report_power -file nexys4_fft_demo_power_routed.rpt -pb nexys4_fft_demo_power_summary_routed.pb -rpx nexys4_fft_demo_power_routed.rpx
| Design           : nexys4_fft_demo
| Device           : xc7a100tcsg324-1
| Design State     : routed
| Grade            : commercial
| Process          : typical
| Characterization : Production
-------------------------------------------------------------------------------------------------------------------------------------------------------------------

Power Report

Table of Contents
-----------------
1. Summary
1.1 On-Chip Components
1.2 Power Supply Summary
1.3 Confidence Level
2. Settings
2.1 Environment
2.2 Clock Constraints
3. Detailed Reports
3.1 By Hierarchy

1. Summary
----------

+--------------------------+--------------+
| Total On-Chip Power (W)  | 0.341        |
| Design Power Budget (W)  | Unspecified* |
| Power Budget Margin (W)  | NA           |
| Dynamic (W)              | 0.243        |
| Device Static (W)        | 0.098        |
| Effective TJA (C/W)      | 4.6          |
| Max Ambient (C)          | 83.4         |
| Junction Temperature (C) | 26.6         |
| Confidence Level         | Low          |
| Setting File             | ---          |
| Simulation Activity File | ---          |
| Design Nets Matched      | NA           |
+--------------------------+--------------+
* Specify Design Power Budget using, set_operating_conditions -design_power_budget <value in Watts>


1.1 On-Chip Components
----------------------

+--------------------------+-----------+----------+-----------+-----------------+
| On-Chip                  | Power (W) | Used     | Available | Utilization (%) |
+--------------------------+-----------+----------+-----------+-----------------+
| Clocks                   |     0.022 |       12 |       --- |             --- |
| Slice Logic              |     0.022 |    13570 |       --- |             --- |
|   LUT as Logic           |     0.015 |     2826 |     63400 |            4.46 |
|   Register               |     0.003 |     6307 |    126800 |            4.97 |
|   CARRY4                 |     0.003 |      644 |     15850 |            4.06 |
|   LUT as Shift Register  |     0.002 |      940 |     19000 |            4.95 |
|   Others                 |     0.000 |     1443 |       --- |             --- |
|   LUT as Distributed RAM |     0.000 |       31 |     19000 |            0.16 |
| Signals                  |     0.031 |     8078 |       --- |             --- |
| Block RAM                |     0.019 |        8 |       135 |            5.93 |
| MMCM                     |     0.107 |        1 |         6 |           16.67 |
| DSPs                     |     0.020 |       17 |       240 |            7.08 |
| I/O                      |     0.021 |       73 |       210 |           34.76 |
| Static Power             |     0.098 |          |           |                 |
| Total                    |     0.341 |          |           |                 |
+--------------------------+-----------+----------+-----------+-----------------+


1.2 Power Supply Summary
------------------------

+-----------+-------------+-----------+-------------+------------+-------------+-------------+------------+
| Source    | Voltage (V) | Total (A) | Dynamic (A) | Static (A) | Powerup (A) | Budget (A)  | Margin (A) |
+-----------+-------------+-----------+-------------+------------+-------------+-------------+------------+
| Vccint    |       1.000 |     0.129 |       0.113 |      0.016 |       NA    | Unspecified | NA         |
| Vccaux    |       1.800 |     0.078 |       0.060 |      0.018 |       NA    | Unspecified | NA         |
| Vcco33    |       3.300 |     0.010 |       0.006 |      0.004 |       NA    | Unspecified | NA         |
| Vcco25    |       2.500 |     0.000 |       0.000 |      0.000 |       NA    | Unspecified | NA         |
| Vcco18    |       1.800 |     0.000 |       0.000 |      0.000 |       NA    | Unspecified | NA         |
| Vcco15    |       1.500 |     0.000 |       0.000 |      0.000 |       NA    | Unspecified | NA         |
| Vcco135   |       1.350 |     0.000 |       0.000 |      0.000 |       NA    | Unspecified | NA         |
| Vcco12    |       1.200 |     0.000 |       0.000 |      0.000 |       NA    | Unspecified | NA         |
| Vccaux_io |       1.800 |     0.000 |       0.000 |      0.000 |       NA    | Unspecified | NA         |
| Vccbram   |       1.000 |     0.002 |       0.001 |      0.000 |       NA    | Unspecified | NA         |
| MGTAVcc   |       1.000 |     0.000 |       0.000 |      0.000 |       NA    | Unspecified | NA         |
| MGTAVtt   |       1.200 |     0.000 |       0.000 |      0.000 |       NA    | Unspecified | NA         |
| Vccadc    |       1.800 |     0.020 |       0.000 |      0.020 |       NA    | Unspecified | NA         |
+-----------+-------------+-----------+-------------+------------+-------------+-------------+------------+


1.3 Confidence Level
--------------------

+-----------------------------+------------+--------------------------------------------------------+------------------------------------------------------------------------------------------------------------+
| User Input Data             | Confidence | Details                                                | Action                                                                                                     |
+-----------------------------+------------+--------------------------------------------------------+------------------------------------------------------------------------------------------------------------+
| Design implementation state | High       | Design is routed                                       |                                                                                                            |
| Clock nodes activity        | High       | User specified more than 95% of clocks                 |                                                                                                            |
| I/O nodes activity          | Low        | More than 75% of inputs are missing user specification | Provide missing input activity with simulation results or by editing the "By Resource Type -> I/Os" view   |
| Internal nodes activity     | Medium     | User specified less than 25% of internal nodes         | Provide missing internal nodes activity with simulation results or by editing the "By Resource Type" views |
| Device models               | High       | Device models are Production                           |                                                                                                            |
|                             |            |                                                        |                                                                                                            |
| Overall confidence level    | Low        |                                                        |                                                                                                            |
+-----------------------------+------------+--------------------------------------------------------+------------------------------------------------------------------------------------------------------------+


2. Settings
-----------

2.1 Environment
---------------

+-----------------------+--------------------------+
| Ambient Temp (C)      | 25.0                     |
| ThetaJA (C/W)         | 4.6                      |
| Airflow (LFM)         | 250                      |
| Heat Sink             | medium (Medium Profile)  |
| ThetaSA (C/W)         | 4.6                      |
| Board Selection       | medium (10"x10")         |
| # of Board Layers     | 12to15 (12 to 15 Layers) |
| Board Temperature (C) | 25.0                     |
+-----------------------+--------------------------+


2.2 Clock Constraints
---------------------

+----------------------+----------------------------------+-----------------+
| Clock                | Domain                           | Constraint (ns) |
+----------------------+----------------------------------+-----------------+
| CLK100MHZ            | CLK100MHZ                        |            10.0 |
| clk_out1_clk_wiz_0   | clockgen/inst/clk_out1_clk_wiz_0 |             9.6 |
| clk_out1_clk_wiz_0_1 | clockgen/inst/clk_out1_clk_wiz_0 |             9.6 |
| clk_out2_clk_wiz_0   | clockgen/inst/clk_out2_clk_wiz_0 |            15.4 |
| clk_out2_clk_wiz_0_1 | clockgen/inst/clk_out2_clk_wiz_0 |            15.4 |
| clk_out3_clk_wiz_0   | clockgen/inst/clk_out3_clk_wiz_0 |            62.5 |
| clk_out3_clk_wiz_0_1 | clockgen/inst/clk_out3_clk_wiz_0 |            62.5 |
| clkfbout_clk_wiz_0   | clockgen/inst/clkfbout_clk_wiz_0 |            50.0 |
| clkfbout_clk_wiz_0_1 | clockgen/inst/clkfbout_clk_wiz_0 |            50.0 |
| sys_clk_pin          | CLK100MHZ                        |            10.0 |
+----------------------+----------------------------------+-----------------+


3. Detailed Reports
-------------------

3.1 By Hierarchy
----------------

+------------------------+-----------+
| Name                   | Power (W) |
+------------------------+-----------+
| nexys4_fft_demo        |     0.243 |
|   bram1                |     0.004 |
|     U0                 |     0.004 |
|       inst_blk_mem_gen |     0.004 |
|   clockgen             |     0.108 |
|     inst               |     0.108 |
|   db0                  |     0.002 |
|   fft_mag_i            |     0.104 |
|     cordic_0           |     0.011 |
|       U0               |     0.011 |
|     mult_gen_0         |     0.001 |
|       U0               |     0.001 |
|     mult_gen_1         |     0.001 |
|       U0               |     0.001 |
|     xfft_0             |     0.090 |
|       U0               |     0.090 |
+------------------------+-----------+


