Copyright 1986-2020 Xilinx, Inc. All Rights Reserved.
------------------------------------------------------------------------------------
| Tool Version : Vivado v.2020.1 (win64) Build 2902540 Wed May 27 19:54:49 MDT 2020
| Date         : Wed Dec  9 19:27:02 2020
| Host         : Nich running 64-bit major release  (build 9200)
| Command      : report_control_sets -verbose -file top_control_sets_placed.rpt
| Design       : top
| Device       : xc7a100t
------------------------------------------------------------------------------------

Control Set Information

Table of Contents
-----------------
1. Summary
2. Histogram
3. Flip-Flop Distribution
4. Detailed Control Set Information

1. Summary
----------

+----------------------------------------------------------+-------+
|                          Status                          | Count |
+----------------------------------------------------------+-------+
| Total control sets                                       |    43 |
|    Minimum number of control sets                        |    43 |
|    Addition due to synthesis replication                 |     0 |
|    Addition due to physical synthesis replication        |     0 |
| Unused register locations in slices containing registers |   133 |
+----------------------------------------------------------+-------+
* Control sets can be merged at opt_design using control_set_merge or merge_equivalent_drivers
** Run report_qor_suggestions for automated merging and remapping suggestions


2. Histogram
------------

+--------------------+-------+
|       Fanout       | Count |
+--------------------+-------+
| Total control sets |    43 |
| >= 0 to < 4        |     2 |
| >= 4 to < 6        |     3 |
| >= 6 to < 8        |     2 |
| >= 8 to < 10       |     2 |
| >= 10 to < 12      |     3 |
| >= 12 to < 14      |    10 |
| >= 14 to < 16      |    12 |
| >= 16              |     9 |
+--------------------+-------+
* Control sets can be remapped at either synth_design or opt_design


3. Flip-Flop Distribution
-------------------------

+--------------+-----------------------+------------------------+-----------------+--------------+
| Clock Enable | Synchronous Set/Reset | Asynchronous Set/Reset | Total Registers | Total Slices |
+--------------+-----------------------+------------------------+-----------------+--------------+
| No           | No                    | No                     |             654 |          178 |
| No           | No                    | Yes                    |               0 |            0 |
| No           | Yes                   | No                     |              19 |            7 |
| Yes          | No                    | No                     |            5260 |         1051 |
| Yes          | No                    | Yes                    |               0 |            0 |
| Yes          | Yes                   | No                     |              38 |           10 |
+--------------+-----------------------+------------------------+-----------------+--------------+


4. Detailed Control Set Information
-----------------------------------

+-----------------------+-------------------------------------------------------------------------------------------------------------------------------------------------+----------------------+------------------+----------------+--------------+
|      Clock Signal     |                                                                  Enable Signal                                                                  |   Set/Reset Signal   | Slice Load Count | Bel Load Count | Bels / Slice |
+-----------------------+-------------------------------------------------------------------------------------------------------------------------------------------------+----------------------+------------------+----------------+--------------+
|  clkgen/inst/clk_out3 |                                                                                                                                                 |                      |                1 |              1 |         1.00 |
|  clkgen/inst/clk_out2 | vga1/hreset                                                                                                                                     | vga1/vcount0         |                1 |              2 |         2.00 |
|  clkgen/inst/clk_out3 |                                                                                                                                                 | adc_reset_IBUF       |                2 |              4 |         2.00 |
|  clkgen/inst/clk_out2 |                                                                                                                                                 | fft_plot/blank1      |                2 |              4 |         2.00 |
|  clkgen/inst/clk_out1 | fft_mag_i/xfft_0/U0/i_synth/axi_wrapper/tw_scale_reg_ce_3                                                                                       |                      |                2 |              5 |         2.50 |
|  clkgen/inst/clk_out3 | adc_inst/E[0]                                                                                                                                   |                      |                2 |              6 |         3.00 |
|  clkgen/inst/clk_out1 | fft_mag_i/xfft_0/U0/i_synth/axi_wrapper/tw_scale_reg_ce_2                                                                                       |                      |                2 |              7 |         3.50 |
|  clkgen/inst/clk_out2 | vga1/hreset                                                                                                                                     |                      |                2 |              8 |         4.00 |
|  clkgen/inst/clk_out1 | fft_mag_i/xfft_0/U0/i_synth/axi_wrapper/tw_scale_reg_ce_1                                                                                       |                      |                2 |              9 |         4.50 |
|  clkgen/inst/clk_out1 | fft_mag_i/xfft_0/U0/i_synth/axi_wrapper/config_channel_fifo/gen_non_real_time.data_in_fifo_pt1/wr_enable                                        |                      |                2 |             10 |         5.00 |
|  clkgen/inst/clk_out1 | fft_mag_i/xfft_0/U0/i_synth/axi_wrapper/tw_scale_reg_ce_0                                                                                       |                      |                3 |             11 |         3.67 |
|  clkgen/inst/clk_out2 |                                                                                                                                                 | vga1/hreset          |                3 |             11 |         3.67 |
|  clkgen/inst/clk_out3 | adc_inst/data[11]_i_1_n_0                                                                                                                       | adc_reset_IBUF       |                2 |             12 |         6.00 |
|  clkgen/inst/clk_out3 | adc_inst/fft_ce                                                                                                                                 |                      |                3 |             12 |         4.00 |
|  clkgen/inst/clk_out3 | adc_inst/serial_data[11]_i_2_n_0                                                                                                                | adc_inst/serial_data |                4 |             12 |         3.00 |
|  clkgen/inst/clk_out1 | fft_mag_i/xfft_0/U0/i_synth/axi_wrapper/E[0]                                                                                                    |                      |                5 |             12 |         2.40 |
|  clkgen/inst/clk_out1 | fft_mag_i/xfft_0/U0/i_synth/axi_wrapper/gen_ce_non_real_time.ce_predicted_reg_0[0]                                                              |                      |                5 |             12 |         2.40 |
|  clkgen/inst/clk_out1 | adc_inst/fft_ce                                                                                                                                 |                      |                3 |             12 |         4.00 |
|  clkgen/inst/clk_out1 | bram2fft_0/send_count                                                                                                                           | vsync_ltp/sending    |                3 |             12 |         4.00 |
|  clkgen/inst/clk_out1 | vsync_sync/out_reg_2                                                                                                                            |                      |                3 |             12 |         4.00 |
|  clkgen/inst/clk_out1 | fft_mag_i/xfft_0/U0/i_synth/axi_wrapper/tw_scale_reg_ce                                                                                         |                      |                5 |             12 |         2.40 |
|  clkgen/inst/clk_out1 | fft_mag_i/xfft_0/U0/i_synth/axi_wrapper/symbols_out_remaining[11]_i_1_n_0                                                                       |                      |                3 |             12 |         4.00 |
|  clkgen/inst/clk_out1 | fft_mag_i/xfft_0/U0/i_synth/xfft_inst/non_floating_point.arch_d.xfft_inst/pe_gen[0].natural_order_input.PE/has_addr_gen.bf2_addr_gen/cnt/cnt_ce |                      |                5 |             14 |         2.80 |
|  clkgen/inst/clk_out1 | fft_mag_i/xfft_0/U0/i_synth/xfft_inst/non_floating_point.arch_d.xfft_inst/FLOW/proc0_counter/load_cnt_ce                                        |                      |                5 |             14 |         2.80 |
|  clkgen/inst/clk_out1 | fft_mag_i/xfft_0/U0/i_synth/xfft_inst/non_floating_point.arch_d.xfft_inst/pe_gen[1].natural_order_input.PE/has_addr_gen.bf2_addr_gen/cnt/cnt_ce |                      |                5 |             14 |         2.80 |
|  clkgen/inst/clk_out1 | fft_mag_i/xfft_0/U0/i_synth/xfft_inst/non_floating_point.arch_d.xfft_inst/pe_gen[1].natural_order_input.PE/has_addr_gen.tw_addr_gen/cnt/cnt_ce  |                      |                5 |             14 |         2.80 |
|  clkgen/inst/clk_out1 | fft_mag_i/xfft_0/U0/i_synth/xfft_inst/non_floating_point.arch_d.xfft_inst/DOUT_CNT_CTRL_0/cnt/cnt_ce                                            |                      |                5 |             14 |         2.80 |
|  clkgen/inst/clk_out1 | fft_mag_i/xfft_0/U0/i_synth/xfft_inst/non_floating_point.arch_d.xfft_inst/pe_gen[2].natural_order_input.PE/has_addr_gen.tw_addr_gen/cnt/cnt_ce  |                      |                5 |             14 |         2.80 |
|  clkgen/inst/clk_out1 | fft_mag_i/xfft_0/U0/i_synth/xfft_inst/non_floating_point.arch_d.xfft_inst/pe_gen[3].natural_order_input.PE/has_addr_gen.bf2_addr_gen/cnt/cnt_ce |                      |                5 |             14 |         2.80 |
|  clkgen/inst/clk_out1 | fft_mag_i/xfft_0/U0/i_synth/xfft_inst/non_floating_point.arch_d.xfft_inst/pe_gen[3].natural_order_input.PE/has_addr_gen.tw_addr_gen/cnt/cnt_ce  |                      |                5 |             14 |         2.80 |
|  clkgen/inst/clk_out1 | fft_mag_i/xfft_0/U0/i_synth/xfft_inst/non_floating_point.arch_d.xfft_inst/pe_gen[4].natural_order_input.PE/has_addr_gen.bf2_addr_gen/cnt/cnt_ce |                      |                5 |             14 |         2.80 |
|  clkgen/inst/clk_out1 | fft_mag_i/xfft_0/U0/i_synth/xfft_inst/non_floating_point.arch_d.xfft_inst/pe_gen[2].natural_order_input.PE/has_addr_gen.bf2_addr_gen/cnt/cnt_ce |                      |                5 |             14 |         2.80 |
|  clkgen/inst/clk_out1 | fft_mag_i/xfft_0/U0/i_synth/xfft_inst/non_floating_point.arch_d.xfft_inst/pe_gen[0].natural_order_input.PE/has_addr_gen.tw_addr_gen/cnt/cnt_ce  |                      |                6 |             14 |         2.33 |
|  clkgen/inst/clk_out1 | fft_mag_i/xfft_0/U0/i_synth/xfft_inst/non_floating_point.arch_d.xfft_inst/pe_gen[4].natural_order_input.PE/has_addr_gen.tw_addr_gen/cnt/cnt_ce  |                      |                5 |             14 |         2.80 |
|  clkgen/inst/clk_out1 | bram2fft_0/frame_tdata[15]_i_1_n_0                                                                                                              |                      |                5 |             16 |         3.20 |
|  clkgen/inst/clk_out1 | fft_mag_i/cordic_0/U0/i_synth/i_synth/gen_sqrt.square_root/gen_rdy_int/CE                                                                       |                      |                5 |             16 |         3.20 |
|  clkgen/inst/clk_out1 | fft_mag_i/xfft_0/U0/i_synth/axi_wrapper/data_in_channel_fifo/gen_non_real_time.data_in_fifo_pt1/wr_enable                                       |                      |                3 |             17 |         5.67 |
|  clkgen/inst/clk_out1 | fft_mag_i/xfft_0/U0/i_synth/axi_wrapper/data_in_channel_fifo/gen_non_real_time.data_in_fifo_pt1/data_out_20                                     |                      |                3 |             17 |         5.67 |
|  clkgen/inst/clk_out1 | fft_mag_i/xfft_0/U0/i_synth/axi_wrapper/data_in_channel_fifo/gen_non_real_time.data_in_fifo_pt1/data_out_10                                     |                      |                5 |             17 |         3.40 |
|  clkgen/inst/clk_out2 |                                                                                                                                                 |                      |                8 |             29 |         3.62 |
|  clkgen/inst/clk_out1 | fft_mag_i/xfft_0/U0/i_synth/xfft_inst/non_floating_point.arch_d.xfft_inst/no_bit_reverse.DV_delay/wr_enable                                     |                      |                6 |             44 |         7.33 |
|  clkgen/inst/clk_out1 |                                                                                                                                                 |                      |              177 |            696 |         3.93 |
|  clkgen/inst/clk_out1 | fft_mag_i/xfft_0/U0/i_synth/axi_wrapper/ce_w2c                                                                                                  |                      |              932 |           6342 |         6.80 |
+-----------------------+-------------------------------------------------------------------------------------------------------------------------------------------------+----------------------+------------------+----------------+--------------+


